<?xml version="1.0" encoding="UTF-8"?>
<!-- Generated by org.testng.reporters.JUnitXMLReporter -->
<testsuite hostname="PC-201710241244" ignored="0" name="register" tests="1" failures="1" timestamp="10 十月 2018 10:13:15 GMT" time="51.312" errors="0">
  <testcase name="changeOrders" time="50.542" classname="com.lemon.phoenix.web.cases.ChangeOrders">
    <failure type="java.lang.NullPointerException">
      <![CDATA[java.lang.NullPointerException
at com.lemon.phoenix.web.cases.Tool.click(Tool.java:173)
at com.lemon.phoenix.web.cases.ChangeOrders.changeOrders(ChangeOrders.java:17)
... Removed 25 stack frames]]>
    </failure>
  </testcase> <!-- changeOrders -->
</testsuite> <!-- register -->
