<?xml version="1.0" encoding="UTF-8"?>
<testng-results skipped="0" failed="1" ignored="0" total="1" passed="0">
  <reporter-output>
    <line>
      <![CDATA[<img src='http://localhost/screenshot\register\2018-10-10\1539166395144.jpg' width='100' height='100'><a href='http://localhost/screenshot\register\2018-10-10\1539166395144.jpg' target='_blank'>查看图片</a></img>]]>
    </line>
  </reporter-output>
  <suite name="后台管理系统" duration-ms="51312" started-at="2018-10-10T10:12:23Z" finished-at="2018-10-10T10:13:15Z">
    <groups>
    </groups>
    <test name="register" duration-ms="51312" started-at="2018-10-10T10:12:23Z" finished-at="2018-10-10T10:13:15Z">
      <class name="com.lemon.phoenix.web.cases.ChangeOrders">
        <test-method status="PASS" signature="init(java.lang.String, java.lang.String)[pri:0, instance:com.lemon.phoenix.web.cases.ChangeOrders@c540f5a]" name="init" is-config="true" duration-ms="45970" started-at="2018-10-10T10:11:37Z" finished-at="2018-10-10T10:12:23Z">
          <params>
            <param index="0">
              <value>
                <![CDATA[chrome]]>
              </value>
            </param>
            <param index="1">
              <value>
                <![CDATA[src/test/resources/chromedriver.exe]]>
              </value>
            </param>
          </params>
          <reporter-output>
          </reporter-output>
        </test-method> <!-- init -->
        <test-method status="FAIL" signature="changeOrders(java.lang.String, java.lang.String, java.lang.String, java.lang.String, java.lang.String, java.lang.String)[pri:0, instance:com.lemon.phoenix.web.cases.ChangeOrders@c540f5a]" name="changeOrders" duration-ms="50542" started-at="2018-10-10T10:12:24Z" data-provider="changeOrders" finished-at="2018-10-10T10:13:14Z">
          <params>
            <param index="0">
              <value>
                <![CDATA[2]]>
              </value>
            </param>
            <param index="1">
              <value>
                <![CDATA[备用金]]>
              </value>
            </param>
            <param index="2">
              <value>
                <![CDATA[5000]]>
              </value>
            </param>
            <param index="3">
              <value>
                <![CDATA[]]>
              </value>
            </param>
            <param index="4">
              <value>
                <![CDATA[支付宝(//13326409665)]]>
              </value>
            </param>
            <param index="5">
              <value>
                <![CDATA[支付宝转账]]>
              </value>
            </param>
          </params>
          <exception class="java.lang.NullPointerException">
            <full-stacktrace>
              <![CDATA[java.lang.NullPointerException
at com.lemon.phoenix.web.cases.Tool.click(Tool.java:173)
at com.lemon.phoenix.web.cases.ChangeOrders.changeOrders(ChangeOrders.java:17)
at sun.reflect.NativeMethodAccessorImpl.invoke0(Native Method)
at sun.reflect.NativeMethodAccessorImpl.invoke(NativeMethodAccessorImpl.java:62)
at sun.reflect.DelegatingMethodAccessorImpl.invoke(DelegatingMethodAccessorImpl.java:43)
at java.lang.reflect.Method.invoke(Method.java:498)
at org.testng.internal.MethodInvocationHelper.invokeMethod(MethodInvocationHelper.java:124)
at org.testng.internal.Invoker.invokeMethod(Invoker.java:580)
at org.testng.internal.Invoker.invokeTestMethod(Invoker.java:716)
at org.testng.internal.Invoker.invokeTestMethods(Invoker.java:988)
at org.testng.internal.TestMethodWorker.invokeTestMethods(TestMethodWorker.java:125)
at org.testng.internal.TestMethodWorker.run(TestMethodWorker.java:109)
at org.testng.TestRunner.privateRun(TestRunner.java:648)
at org.testng.TestRunner.run(TestRunner.java:505)
at org.testng.SuiteRunner.runTest(SuiteRunner.java:455)
at org.testng.SuiteRunner.runSequentially(SuiteRunner.java:450)
at org.testng.SuiteRunner.privateRun(SuiteRunner.java:415)
at org.testng.SuiteRunner.run(SuiteRunner.java:364)
at org.testng.SuiteRunnerWorker.runSuite(SuiteRunnerWorker.java:52)
at org.testng.SuiteRunnerWorker.run(SuiteRunnerWorker.java:84)
at org.testng.TestNG.runSuitesSequentially(TestNG.java:1208)
at org.testng.TestNG.runSuitesLocally(TestNG.java:1137)
at org.testng.TestNG.runSuites(TestNG.java:1049)
at org.testng.TestNG.run(TestNG.java:1017)
at org.testng.remote.AbstractRemoteTestNG.run(AbstractRemoteTestNG.java:114)
at org.testng.remote.RemoteTestNG.initAndRun(RemoteTestNG.java:251)
at org.testng.remote.RemoteTestNG.main(RemoteTestNG.java:77)
]]>
            </full-stacktrace>
          </exception> <!-- java.lang.NullPointerException -->
          <reporter-output>
            <line>
              <![CDATA[<img src='http://localhost/screenshot\register\2018-10-10\1539166395144.jpg' width='100' height='100'><a href='http://localhost/screenshot\register\2018-10-10\1539166395144.jpg' target='_blank'>查看图片</a></img>]]>
            </line>
          </reporter-output>
        </test-method> <!-- changeOrders -->
        <test-method status="PASS" signature="tearDown()[pri:0, instance:com.lemon.phoenix.web.cases.ChangeOrders@c540f5a]" name="tearDown" is-config="true" duration-ms="3650" started-at="2018-10-10T10:13:15Z" finished-at="2018-10-10T10:13:18Z">
          <reporter-output>
          </reporter-output>
        </test-method> <!-- tearDown -->
      </class> <!-- com.lemon.phoenix.web.cases.ChangeOrders -->
    </test> <!-- register -->
  </suite> <!-- 后台管理系统 -->
</testng-results>
